TN:
SF:plugins/community-plugin-mongodb/src/auth/adapters/MultiAppMongoDBAdapter/MultiAppMongoDBAdapter.js
FN:8,from
FN:12,to
FN:16,MultipleAppMongoDBAdapter
FN:18,(anonymous_3)
FN:29,(anonymous_4)
FN:39,(anonymous_5)
FN:44,(anonymous_6)
FN:49,(anonymous_7)
FN:57,(anonymous_8)
FN:76,(anonymous_9)
FN:81,(anonymous_10)
FN:88,(anonymous_11)
FN:103,(anonymous_12)
FN:108,(anonymous_13)
FN:122,(anonymous_14)
FN:131,(anonymous_15)
FN:136,(anonymous_16)
FNF:17
FNH:0
FNDA:0,from
FNDA:0,to
FNDA:0,MultipleAppMongoDBAdapter
FNDA:0,(anonymous_3)
FNDA:0,(anonymous_4)
FNDA:0,(anonymous_5)
FNDA:0,(anonymous_6)
FNDA:0,(anonymous_7)
FNDA:0,(anonymous_8)
FNDA:0,(anonymous_9)
FNDA:0,(anonymous_10)
FNDA:0,(anonymous_11)
FNDA:0,(anonymous_12)
FNDA:0,(anonymous_13)
FNDA:0,(anonymous_14)
FNDA:0,(anonymous_15)
FNDA:0,(anonymous_16)
DA:9,0
DA:13,0
DA:17,0
DA:18,0
DA:19,0
DA:20,0
DA:28,0
DA:30,0
DA:31,0
DA:40,0
DA:41,0
DA:45,0
DA:46,0
DA:50,0
DA:51,0
DA:52,0
DA:54,0
DA:58,0
DA:59,0
DA:60,0
DA:77,0
DA:78,0
DA:82,0
DA:85,0
DA:89,0
DA:92,0
DA:93,0
DA:95,0
DA:97,0
DA:104,0
DA:105,0
DA:110,0
DA:112,0
DA:119,0
DA:123,0
DA:128,0
DA:132,0
DA:133,0
DA:137,0
DA:141,0
DA:142,0
LF:41
LH:0
BRDA:52,0,0,0
BRDA:93,1,0,0
BRDA:141,2,0,0
BRF:3
BRH:0
end_of_record
TN:
SF:plugins/community-plugin-mongodb/src/auth/adapters/MultiAppMongoDBAdapter/createDatabaseUser.js
FN:4,createDatabaseUser
FNF:1
FNH:0
FNDA:0,createDatabaseUser
DA:5,0
DA:9,0
DA:10,0
DA:13,0
LF:4
LH:0
BRDA:9,0,0,0
BRF:1
BRH:0
end_of_record
TN:
SF:plugins/community-plugin-mongodb/src/auth/adapters/MultiAppMongoDBAdapter/createDatabaseUserFromContact.js
FN:3,createDatabaseUserFromContact
FNF:1
FNH:0
FNDA:0,createDatabaseUserFromContact
DA:10,0
DA:11,0
DA:12,0
DA:15,0
DA:16,0
DA:19,0
DA:21,0
DA:27,0
DA:28,0
DA:29,0
DA:30,0
DA:32,0
DA:33,0
DA:36,0
DA:45,0
DA:50,0
LF:16
LH:0
BRDA:11,0,0,0
BRDA:11,1,0,0
BRDA:11,1,1,0
BRDA:11,1,2,0
BRDA:15,2,0,0
BRDA:15,3,0,0
BRDA:15,3,1,0
BRDA:27,4,0,0
BRDA:27,4,1,0
BRDA:32,5,0,0
BRF:10
BRH:0
end_of_record
TN:
SF:plugins/community-plugin-mongodb/src/auth/adapters/MultiAppMongoDBAdapter/createDatabaseUserWithoutContact.js
FN:5,createDatabaseUserWithoutContact
FNF:1
FNH:0
FNDA:0,createDatabaseUserWithoutContact
DA:6,0
DA:7,0
DA:9,0
DA:10,0
DA:29,0
DA:30,0
DA:32,0
DA:33,0
LF:8
LH:0
BRDA:6,0,0,0
BRDA:9,1,0,0
BRF:2
BRH:0
end_of_record
TN:
SF:plugins/community-plugin-mongodb/src/auth/adapters/MultiAppMongoDBAdapter/getUserFromDbByEmail.js
FN:3,getUserFromDbByEmail
FNF:1
FNH:0
FNDA:0,getUserFromDbByEmail
DA:4,0
DA:5,0
DA:11,0
DA:14,0
LF:4
LH:0
BRDA:5,0,0,0
BRDA:6,1,0,0
BRDA:6,1,1,0
BRDA:6,1,2,0
BRDA:6,1,3,0
BRF:5
BRH:0
end_of_record
TN:
SF:plugins/community-plugin-mongodb/src/auth/adapters/MultiAppMongoDBAdapter/getUserFromDbById.js
FN:3,getUserFromDbById
FNF:1
FNH:0
FNDA:0,getUserFromDbById
DA:4,0
DA:5,0
DA:11,0
DA:14,0
LF:4
LH:0
BRDA:5,0,0,0
BRDA:6,1,0,0
BRDA:6,1,1,0
BRDA:6,1,2,0
BRDA:6,1,3,0
BRF:5
BRH:0
end_of_record
TN:
SF:plugins/community-plugin-mongodb/src/auth/adapters/MultiAppMongoDBAdapter/transformContactToAdapterUser.js
FN:1,transformContactToAdapterUser
FNF:1
FNH:0
FNDA:0,transformContactToAdapterUser
DA:9,0
DA:11,0
DA:13,0
LF:3
LH:0
BRDA:5,0,0,0
BRDA:6,1,0,0
BRDA:7,2,0,0
BRDA:8,3,0,0
BRF:4
BRH:0
end_of_record
TN:
SF:plugins/community-plugin-mongodb/src/auth/adapters/MultiAppMongoDBAdapter/updateDatabaseUser.js
FN:1,updateDatabaseUser
FNF:1
FNH:0
FNDA:0,updateDatabaseUser
DA:2,0
DA:3,0
LF:2
LH:0
BRF:0
BRH:0
end_of_record
TN:
SF:plugins/community-plugin-mongodb/src/connections/MongoDBCollection/MongoDBCollection.js
FNF:0
FNH:0
DA:23,0
LF:1
LH:0
BRF:0
BRH:0
end_of_record
TN:
SF:plugins/community-plugin-mongodb/src/connections/MongoDBCollection/getCollection.js
FN:19,getCollection
FNF:1
FNH:1
FNDA:51,getCollection
DA:21,51
DA:22,51
DA:23,45
DA:24,45
DA:25,45
DA:26,45
DA:32,0
DA:33,0
LF:8
LH:6
BRDA:29,0,0,45
BRDA:29,0,1,18
BRF:2
BRH:2
end_of_record
TN:
SF:plugins/community-plugin-mongodb/src/connections/MongoDBCollection/serialize.js
FN:20,replacer
FN:22,(anonymous_1)
FN:32,(anonymous_2)
FN:42,reviver
FN:51,serialize
FN:55,deserialize
FNF:6
FNH:5
FNDA:198,replacer
FNDA:157,(anonymous_1)
FNDA:0,(anonymous_2)
FNDA:302,reviver
FNDA:41,serialize
FNDA:51,deserialize
DA:21,198
DA:22,51
DA:23,157
DA:25,0
DA:29,51
DA:31,147
DA:32,0
DA:33,0
DA:34,0
DA:36,0
DA:39,147
DA:43,302
DA:44,184
DA:45,0
DA:48,302
DA:52,41
DA:56,51
LF:17
LH:11
BRDA:21,0,0,51
BRDA:23,1,0,0
BRDA:31,2,0,0
BRDA:33,3,0,0
BRDA:43,4,0,184
BRDA:44,5,0,0
BRF:6
BRH:2
end_of_record
TN:
SF:plugins/community-plugin-mongodb/src/connections/MongoDBCollection/MongoDBDeleteMany/MongoDBDeleteMany.js
FN:21,MongodbDeleteMany
FNF:1
FNH:1
FNDA:8,MongodbDeleteMany
DA:22,8
DA:23,8
DA:24,8
DA:26,7
DA:27,7
DA:28,7
DA:29,3
DA:42,0
DA:43,0
DA:45,7
DA:46,7
DA:47,7
DA:50,1
DA:51,1
LF:14
LH:12
BRDA:28,0,0,3
BRF:1
BRH:1
end_of_record
TN:
SF:plugins/community-plugin-mongodb/src/connections/MongoDBCollection/MongoDBDeleteOne/MongoDBDeleteOne.js
FN:21,MongodbDeleteOne
FNF:1
FNH:1
FNDA:4,MongodbDeleteOne
DA:22,4
DA:23,4
DA:24,4
DA:26,3
DA:27,3
DA:28,1
DA:29,1
DA:30,1
DA:42,2
DA:45,0
DA:46,0
DA:48,3
DA:49,3
DA:52,1
DA:53,1
LF:15
LH:13
BRDA:27,0,0,1
BRDA:27,0,1,2
BRF:2
BRH:2
end_of_record
TN:
SF:plugins/community-plugin-mongodb/src/connections/MongoDBCollection/MongoDBInsertConsecutiveId/MongoDBInsertConsecutiveId.js
FN:21,insertDocument
FN:53,getId
FN:77,MongoDBInsertConsecutiveId
FN:97,(anonymous_3)
FNF:4
FNH:0
FNDA:0,insertDocument
FNDA:0,getId
FNDA:0,MongoDBInsertConsecutiveId
FNDA:0,(anonymous_3)
DA:33,0
DA:34,0
DA:35,0
DA:50,0
DA:54,0
DA:73,0
DA:74,0
DA:85,0
DA:86,0
DA:87,0
DA:89,0
DA:90,0
DA:95,0
DA:96,0
DA:97,0
DA:98,0
DA:99,0
DA:113,0
DA:114,0
DA:116,0
DA:117,0
DA:120,0
DA:121,0
LF:23
LH:0
BRDA:34,0,0,0
BRDA:73,1,0,0
BRDA:73,1,1,0
BRF:3
BRH:0
end_of_record
TN:
SF:plugins/community-plugin-mongodb/src/connections/MongoDBCollection/MongoDBInsertMany/MongoDBInsertMany.js
FN:21,MongodbInsertMany
FNF:1
FNH:1
FNDA:7,MongodbInsertMany
DA:22,7
DA:23,7
DA:24,7
DA:26,6
DA:27,6
DA:28,5
DA:29,2
DA:42,1
DA:43,1
DA:45,5
DA:46,5
DA:47,5
DA:50,1
DA:51,1
LF:14
LH:14
BRDA:28,0,0,2
BRF:1
BRH:1
end_of_record
TN:
SF:plugins/community-plugin-mongodb/src/connections/MongoDBCollection/MongoDBInsertManyConsecutiveIds/MongoDBInsertManyConsecutiveIds.js
FN:21,insertDocuments
FN:53,getIdIndex
FN:76,MongoDBInsertManyConsecutiveIds
FN:96,(anonymous_3)
FNF:4
FNH:0
FNDA:0,insertDocuments
FNDA:0,getIdIndex
FNDA:0,MongoDBInsertManyConsecutiveIds
FNDA:0,(anonymous_3)
DA:33,0
DA:34,0
DA:35,0
DA:50,0
DA:54,0
DA:73,0
DA:84,0
DA:85,0
DA:86,0
DA:88,0
DA:89,0
DA:94,0
DA:95,0
DA:96,0
DA:97,0
DA:98,0
DA:99,0
DA:101,0
DA:115,0
DA:116,0
DA:118,0
DA:119,0
DA:122,0
DA:123,0
LF:24
LH:0
BRDA:34,0,0,0
BRDA:73,1,0,0
BRDA:73,1,1,0
BRF:3
BRH:0
end_of_record
TN:
SF:plugins/community-plugin-mongodb/src/connections/MongoDBCollection/MongoDBInsertOne/MongoDBInsertOne.js
FN:21,MongodbInsertOne
FNF:1
FNH:1
FNDA:8,MongodbInsertOne
DA:22,8
DA:23,8
DA:24,8
DA:26,7
DA:27,7
DA:28,6
DA:29,2
DA:42,1
DA:43,1
DA:45,6
DA:46,6
DA:47,6
DA:50,1
DA:51,1
LF:14
LH:14
BRDA:28,0,0,2
BRF:1
BRH:1
end_of_record
TN:
SF:plugins/community-plugin-mongodb/src/connections/MongoDBCollection/MongoDBUpdateMany/MongoDBUpdateMany.js
FN:21,MongodbUpdateMany
FNF:1
FNH:1
FNDA:14,MongodbUpdateMany
DA:22,14
DA:23,14
DA:24,14
DA:26,13
DA:27,13
DA:28,12
DA:29,6
DA:42,1
DA:43,1
DA:45,12
DA:46,12
DA:47,12
DA:50,1
DA:51,1
LF:14
LH:14
BRDA:28,0,0,6
BRF:1
BRH:1
end_of_record
TN:
SF:plugins/community-plugin-mongodb/src/connections/MongoDBCollection/MongoDBUpdateOne/MongoDBUpdateOne.js
FN:21,MongodbUpdateOne
FNF:1
FNH:1
FNDA:10,MongodbUpdateOne
DA:22,10
DA:23,10
DA:24,10
DA:26,9
DA:27,9
DA:28,4
DA:33,4
DA:34,4
DA:37,4
DA:50,5
DA:53,1
DA:54,1
DA:56,8
DA:57,8
DA:60,1
DA:61,1
LF:16
LH:16
BRDA:27,0,0,4
BRDA:27,0,1,5
BRDA:35,1,0,1
BRDA:35,1,1,3
BRF:4
BRH:4
end_of_record
TN:
SF:plugins/community-plugin-mongodb/src/test/clearTestMongoDb.js
FN:19,clearTestMongoDb
FNF:1
FNH:1
FNDA:2,clearTestMongoDb
DA:20,2
DA:24,2
DA:25,2
DA:26,2
DA:27,2
LF:5
LH:5
BRF:0
BRH:0
end_of_record
TN:
SF:plugins/community-plugin-mongodb/src/test/findLogCollectionRecordTestMongoDb.js
FN:19,findLogCollectionRecordTestMongoDb
FNF:1
FNH:1
FNDA:18,findLogCollectionRecordTestMongoDb
DA:20,18
DA:24,18
DA:25,18
DA:26,18
DA:27,18
DA:28,18
LF:6
LH:6
BRF:0
BRH:0
end_of_record
TN:
SF:plugins/community-plugin-mongodb/src/test/populateTestMongoDb.js
FN:19,populateTestMongoDb
FNF:1
FNH:1
FNDA:4,populateTestMongoDb
DA:20,4
DA:24,4
DA:25,4
DA:26,4
DA:27,4
DA:29,4
LF:6
LH:6
BRF:0
BRH:0
end_of_record
